[debug] [2025-10-08T04:16:18.338Z] ----------------------------------------------------------------------
[debug] [2025-10-08T04:16:18.341Z] Command:       C:\Program Files\nodejs\node.exe C:\Users\N2312-1\AppData\Roaming\npm\node_modules\firebase-tools\lib\bin\firebase.js deploy --only firestore:indexes
[debug] [2025-10-08T04:16:18.341Z] CLI Version:   14.17.0
[debug] [2025-10-08T04:16:18.342Z] Platform:      win32
[debug] [2025-10-08T04:16:18.342Z] Node Version:  v22.16.0
[debug] [2025-10-08T04:16:18.342Z] Time:          Wed Oct 08 2025 13:16:18 GMT+0900 (GMT+09:00)
[debug] [2025-10-08T04:16:18.342Z] ----------------------------------------------------------------------
[debug] 
[debug] [2025-10-08T04:16:18.344Z] >>> [apiv2][query] GET https://firebase-public.firebaseio.com/cli.json [none]
[debug] [2025-10-08T04:16:18.565Z] > command requires scopes: ["email","openid","https://www.googleapis.com/auth/cloudplatformprojects.readonly","https://www.googleapis.com/auth/firebase","https://www.googleapis.com/auth/cloud-platform"]
[debug] [2025-10-08T04:16:18.566Z] > authorizing via signed-in user (hiraikazuhiro929@gmail.com)
[debug] [2025-10-08T04:16:18.566Z] [iam] checking project unica-1ef93 for permissions ["datastore.indexes.create","datastore.indexes.delete","datastore.indexes.list","datastore.indexes.update","firebase.projects.get"]
[debug] [2025-10-08T04:16:18.567Z] Checked if tokens are valid: false, expires at: 1758874784020
[debug] [2025-10-08T04:16:18.567Z] Checked if tokens are valid: false, expires at: 1758874784020
[debug] [2025-10-08T04:16:18.567Z] > refreshing access token with scopes: []
[debug] [2025-10-08T04:16:18.568Z] >>> [apiv2][query] POST https://www.googleapis.com/oauth2/v3/token [none]
[debug] [2025-10-08T04:16:18.568Z] >>> [apiv2][body] POST https://www.googleapis.com/oauth2/v3/token [omitted]
[debug] [2025-10-08T04:16:18.855Z] <<< [apiv2][status] POST https://www.googleapis.com/oauth2/v3/token 200
[debug] [2025-10-08T04:16:18.855Z] <<< [apiv2][body] POST https://www.googleapis.com/oauth2/v3/token [omitted]
[debug] [2025-10-08T04:16:18.866Z] >>> [apiv2][query] POST https://cloudresourcemanager.googleapis.com/v1/projects/unica-1ef93:testIamPermissions [none]
[debug] [2025-10-08T04:16:18.866Z] >>> [apiv2][(partial)header] POST https://cloudresourcemanager.googleapis.com/v1/projects/unica-1ef93:testIamPermissions x-goog-quota-user=projects/unica-1ef93
[debug] [2025-10-08T04:16:18.866Z] >>> [apiv2][body] POST https://cloudresourcemanager.googleapis.com/v1/projects/unica-1ef93:testIamPermissions {"permissions":["datastore.indexes.create","datastore.indexes.delete","datastore.indexes.list","datastore.indexes.update","firebase.projects.get"]}
[debug] [2025-10-08T04:16:18.918Z] <<< [apiv2][status] GET https://firebase-public.firebaseio.com/cli.json 200
[debug] [2025-10-08T04:16:18.918Z] <<< [apiv2][body] GET https://firebase-public.firebaseio.com/cli.json {"cloudBuildErrorAfter":1594252800000,"cloudBuildWarnAfter":1590019200000,"defaultNode10After":1594252800000,"minVersion":"3.0.5","node8DeploysDisabledAfter":1613390400000,"node8RuntimeDisabledAfter":1615809600000,"node8WarnAfter":1600128000000}
[debug] [2025-10-08T04:16:19.747Z] <<< [apiv2][status] POST https://cloudresourcemanager.googleapis.com/v1/projects/unica-1ef93:testIamPermissions 200
[debug] [2025-10-08T04:16:19.747Z] <<< [apiv2][body] POST https://cloudresourcemanager.googleapis.com/v1/projects/unica-1ef93:testIamPermissions {"permissions":["datastore.indexes.create","datastore.indexes.delete","datastore.indexes.list","datastore.indexes.update","firebase.projects.get"]}
[info] 
[info] === Deploying to 'unica-1ef93'...
[info] 
[info] i  deploying firestore 
[info] i  firestore: reading indexes from firestore.indexes.json... 
[info] i  cloud.firestore: checking firestore.rules for compilation errors... 
[debug] [2025-10-08T04:16:19.750Z] Checked if tokens are valid: true, expires at: 1759900577855
[debug] [2025-10-08T04:16:19.750Z] Checked if tokens are valid: true, expires at: 1759900577855
[debug] [2025-10-08T04:16:19.751Z] >>> [apiv2][query] POST https://firebaserules.googleapis.com/v1/projects/unica-1ef93:test [none]
[debug] [2025-10-08T04:16:19.751Z] >>> [apiv2][body] POST https://firebaserules.googleapis.com/v1/projects/unica-1ef93:test [omitted]
[debug] [2025-10-08T04:16:21.057Z] <<< [apiv2][status] POST https://firebaserules.googleapis.com/v1/projects/unica-1ef93:test 200
[debug] [2025-10-08T04:16:21.058Z] <<< [apiv2][body] POST https://firebaserules.googleapis.com/v1/projects/unica-1ef93:test {}
[info] +  cloud.firestore: rules file firestore.rules compiled successfully 
[debug] [2025-10-08T04:16:21.058Z] Checked if tokens are valid: true, expires at: 1759900577855
[debug] [2025-10-08T04:16:21.059Z] Checked if tokens are valid: true, expires at: 1759900577855
[debug] [2025-10-08T04:16:21.059Z] >>> [apiv2][query] GET https://firestore.googleapis.com/v1/projects/unica-1ef93/databases/(default) [none]
[debug] [2025-10-08T04:16:21.434Z] <<< [apiv2][status] GET https://firestore.googleapis.com/v1/projects/unica-1ef93/databases/(default) 200
[debug] [2025-10-08T04:16:21.435Z] <<< [apiv2][body] GET https://firestore.googleapis.com/v1/projects/unica-1ef93/databases/(default) {"name":"projects/unica-1ef93/databases/(default)","uid":"6be8e508-09e8-45f5-8a7d-8c0e0a2c2b40","createTime":"2025-07-31T08:05:36.032794Z","updateTime":"2025-07-31T08:05:36.032794Z","locationId":"asia-northeast2","type":"FIRESTORE_NATIVE","concurrencyMode":"PESSIMISTIC","versionRetentionPeriod":"3600s","earliestVersionTime":"2025-10-08T03:16:22.156958Z","appEngineIntegrationMode":"DISABLED","keyPrefix":"u","pointInTimeRecoveryEnablement":"POINT_IN_TIME_RECOVERY_DISABLED","deleteProtectionState":"DELETE_PROTECTION_DISABLED","databaseEdition":"STANDARD","freeTier":true,"realtimeUpdatesMode":"REALTIME_UPDATES_ENABLED","etag":"IMvj2ZPfk5ADMOqUyODw6I4D"}
[info] i  firestore: deploying indexes... 
[debug] [2025-10-08T04:16:21.436Z] Checked if tokens are valid: true, expires at: 1759900577855
[debug] [2025-10-08T04:16:21.436Z] Checked if tokens are valid: true, expires at: 1759900577855
[debug] [2025-10-08T04:16:21.436Z] >>> [apiv2][query] GET https://firestore.googleapis.com/v1/projects/unica-1ef93/databases/(default)/collectionGroups/-/indexes [none]
[debug] [2025-10-08T04:16:21.509Z] <<< [apiv2][status] GET https://firestore.googleapis.com/v1/projects/unica-1ef93/databases/(default)/collectionGroups/-/indexes 200
[debug] [2025-10-08T04:16:21.509Z] <<< [apiv2][body] GET https://firestore.googleapis.com/v1/projects/unica-1ef93/databases/(default)/collectionGroups/-/indexes {"indexes":[{"name":"projects/unica-1ef93/databases/(default)/collectionGroups/companyMembers/indexes/CICAgJim14AJ","queryScope":"COLLECTION","fields":[{"fieldPath":"companyId","order":"ASCENDING"},{"fieldPath":"isActive","order":"ASCENDING"},{"fieldPath":"joinedAt","order":"DESCENDING"},{"fieldPath":"__name__","order":"DESCENDING"}],"state":"READY","density":"SPARSE_ALL"},{"name":"projects/unica-1ef93/databases/(default)/collectionGroups/notifications/indexes/CICAgJiUpoMJ","queryScope":"COLLECTION","fields":[{"fieldPath":"recipientId","order":"ASCENDING"},{"fieldPath":"createdAt","order":"DESCENDING"},{"fieldPath":"__name__","order":"DESCENDING"}],"state":"READY","density":"SPARSE_ALL"},{"name":"projects/unica-1ef93/databases/(default)/collectionGroups/chatMessages/indexes/CICAgOi39IkJ","queryScope":"COLLECTION","fields":[{"fieldPath":"channelId","order":"ASCENDING"},{"fieldPath":"timestamp","order":"ASCENDING"},{"fieldPath":"__name__","order":"ASCENDING"}],"state":"READY","density":"SPARSE_ALL"},{"name":"projects/unica-1ef93/databases/(default)/collectionGroups/companyInvites/indexes/CICAgNiav4AK","queryScope":"COLLECTION","fields":[{"fieldPath":"companyId","order":"ASCENDING"},{"fieldPath":"isActive","order":"ASCENDING"},{"fieldPath":"expiresAt","order":"ASCENDING"},{"fieldPath":"__name__","order":"ASCENDING"}],"state":"READY","density":"SPARSE_ALL"},{"name":"projects/unica-1ef93/databases/(default)/collectionGroups/chatMessages/indexes/CICAgJim14AK","queryScope":"COLLECTION","fields":[{"fieldPath":"channelId","order":"ASCENDING"},{"fieldPath":"isDeleted","order":"ASCENDING"},{"fieldPath":"timestamp","order":"ASCENDING"},{"fieldPath":"__name__","order":"ASCENDING"}],"state":"READY","density":"SPARSE_ALL"},{"name":"projects/unica-1ef93/databases/(default)/collectionGroups/workHours/indexes/CICAgOjXh4EK","queryScope":"COLLECTION","fields":[{"fieldPath":"processId","order":"ASCENDING"},{"fieldPath":"createdAt","order":"ASCENDING"},{"fieldPath":"__name__","order":"ASCENDING"}],"state":"READY","density":"SPARSE_ALL"},{"name":"projects/unica-1ef93/databases/(default)/collectionGroups/daily-reports/indexes/CICAgJj7z4EK","queryScope":"COLLECTION","fields":[{"fieldPath":"workerId","order":"ASCENDING"},{"fieldPath":"date","order":"DESCENDING"},{"fieldPath":"__name__","order":"DESCENDING"}],"state":"READY","density":"SPARSE_ALL"},{"name":"projects/unica-1ef93/databases/(default)/collectionGroups/notifications/indexes/CICAgJjF9oIK","queryScope":"COLLECTION","fields":[{"fieldPath":"isRead","order":"ASCENDING"},{"fieldPath":"userId","order":"ASCENDING"},{"fieldPath":"createdAt","order":"DESCENDING"},{"fieldPath":"__name__","order":"DESCENDING"}],"state":"READY","density":"SPARSE_ALL"},{"name":"projects/unica-1ef93/databases/(default)/collectionGroups/personalTasks/indexes/CICAgJiUpoMK","queryScope":"COLLECTION","fields":[{"fieldPath":"userId","order":"ASCENDING"},{"fieldPath":"updatedAt","order":"DESCENDING"},{"fieldPath":"__name__","order":"DESCENDING"}],"state":"READY","density":"SPARSE_ALL"},{"name":"projects/unica-1ef93/databases/(default)/collectionGroups/companyInvites/indexes/CICAgNi47oMK","queryScope":"COLLECTION","fields":[{"fieldPath":"companyId","order":"ASCENDING"},{"fieldPath":"isActive","order":"ASCENDING"},{"fieldPath":"createdAt","order":"DESCENDING"},{"fieldPath":"__name__","order":"DESCENDING"}],"state":"READY","density":"SPARSE_ALL"},{"name":"projects/unica-1ef93/databases/(default)/collectionGroups/chatMessages/indexes/CICAgOi39IkK","queryScope":"COLLECTION","fields":[{"fieldPath":"channelId","order":"ASCENDING"},{"fieldPath":"timestamp","order":"DESCENDING"},{"fieldPath":"__name__","order":"DESCENDING"}],"state":"READY","density":"SPARSE_ALL"},{"name":"projects/unica-1ef93/databases/(default)/collectionGroups/notes/indexes/CICAgOi3kJAK","queryScope":"COLLECTION","fields":[{"fieldPath":"createdById","order":"ASCENDING"},{"fieldPath":"isActive","order":"ASCENDING"},{"fieldPath":"createdAt","order":"DESCENDING"},{"fieldPath":"__name__","order":"DESCENDING"}],"state":"READY","density":"SPARSE_ALL"},{"name":"projects/unica-1ef93/databases/(default)/collectionGroups/chatChannels/indexes/CICAgJjmiJEK","queryScope":"COLLECTION","fields":[{"fieldPath":"position","order":"ASCENDING"},{"fieldPath":"name","order":"ASCENDING"},{"fieldPath":"__name__","order":"ASCENDING"}],"state":"READY","density":"SPARSE_ALL"}]}
[debug] [2025-10-08T04:16:21.509Z] Checked if tokens are valid: true, expires at: 1759900577855
[debug] [2025-10-08T04:16:21.510Z] Checked if tokens are valid: true, expires at: 1759900577855
[debug] [2025-10-08T04:16:21.510Z] >>> [apiv2][query] GET https://firestore.googleapis.com/v1/projects/unica-1ef93/databases/(default)/collectionGroups/-/fields?filter=indexConfig.usesAncestorConfig=false OR ttlConfig:* [none]
[debug] [2025-10-08T04:16:21.579Z] <<< [apiv2][status] GET https://firestore.googleapis.com/v1/projects/unica-1ef93/databases/(default)/collectionGroups/-/fields?filter=indexConfig.usesAncestorConfig=false OR ttlConfig:* 200
[debug] [2025-10-08T04:16:21.579Z] <<< [apiv2][body] GET https://firestore.googleapis.com/v1/projects/unica-1ef93/databases/(default)/collectionGroups/-/fields?filter=indexConfig.usesAncestorConfig=false OR ttlConfig:* {"fields":[{"name":"projects/unica-1ef93/databases/(default)/collectionGroups/__default__/fields/*","indexConfig":{"indexes":[{"queryScope":"COLLECTION","fields":[{"fieldPath":"*","order":"ASCENDING"}],"state":"READY"},{"queryScope":"COLLECTION","fields":[{"fieldPath":"*","order":"DESCENDING"}],"state":"READY"},{"queryScope":"COLLECTION","fields":[{"fieldPath":"*","arrayConfig":"CONTAINS"}],"state":"READY"}]}}]}
[debug] [2025-10-08T04:16:21.580Z] Checked if tokens are valid: true, expires at: 1759900577855
[debug] [2025-10-08T04:16:21.580Z] Checked if tokens are valid: true, expires at: 1759900577855
[debug] [2025-10-08T04:16:21.580Z] >>> [apiv2][query] GET https://firestore.googleapis.com/v1/projects/unica-1ef93/databases/(default) [none]
[debug] [2025-10-08T04:16:21.636Z] <<< [apiv2][status] GET https://firestore.googleapis.com/v1/projects/unica-1ef93/databases/(default) 200
[debug] [2025-10-08T04:16:21.636Z] <<< [apiv2][body] GET https://firestore.googleapis.com/v1/projects/unica-1ef93/databases/(default) {"name":"projects/unica-1ef93/databases/(default)","uid":"6be8e508-09e8-45f5-8a7d-8c0e0a2c2b40","createTime":"2025-07-31T08:05:36.032794Z","updateTime":"2025-07-31T08:05:36.032794Z","locationId":"asia-northeast2","type":"FIRESTORE_NATIVE","concurrencyMode":"PESSIMISTIC","versionRetentionPeriod":"3600s","earliestVersionTime":"2025-10-08T03:16:22.355138Z","appEngineIntegrationMode":"DISABLED","keyPrefix":"u","pointInTimeRecoveryEnablement":"POINT_IN_TIME_RECOVERY_DISABLED","deleteProtectionState":"DELETE_PROTECTION_DISABLED","databaseEdition":"STANDARD","freeTier":true,"realtimeUpdatesMode":"REALTIME_UPDATES_ENABLED","etag":"IIn15ZPfk5ADMOqUyODw6I4D"}
[info] i  firestore: there are 12 indexes defined in your project that are not present in your firestore indexes file. To delete them, run this command with the --force flag. 
[debug] [2025-10-08T04:16:21.638Z] Creating new index: {"collectionGroup":"orders","queryScope":"COLLECTION","fields":[{"fieldPath":"client","order":"ASCENDING"},{"fieldPath":"status","order":"ASCENDING"},{"fieldPath":"createdAt","order":"DESCENDING"}]}
[debug] [2025-10-08T04:16:21.639Z] Checked if tokens are valid: true, expires at: 1759900577855
[debug] [2025-10-08T04:16:21.639Z] Checked if tokens are valid: true, expires at: 1759900577855
[debug] [2025-10-08T04:16:21.639Z] >>> [apiv2][query] POST https://firestore.googleapis.com/v1/projects/unica-1ef93/databases/(default)/collectionGroups/orders/indexes [none]
[debug] [2025-10-08T04:16:21.640Z] >>> [apiv2][body] POST https://firestore.googleapis.com/v1/projects/unica-1ef93/databases/(default)/collectionGroups/orders/indexes {"fields":[{"fieldPath":"client","order":"ASCENDING"},{"fieldPath":"status","order":"ASCENDING"},{"fieldPath":"createdAt","order":"DESCENDING"}],"queryScope":"COLLECTION"}
[debug] [2025-10-08T04:16:21.811Z] <<< [apiv2][status] POST https://firestore.googleapis.com/v1/projects/unica-1ef93/databases/(default)/collectionGroups/orders/indexes 200
[debug] [2025-10-08T04:16:21.811Z] <<< [apiv2][body] POST https://firestore.googleapis.com/v1/projects/unica-1ef93/databases/(default)/collectionGroups/orders/indexes {"name":"projects/unica-1ef93/databases/(default)/operations/S0lZZ3BqTmdBQ0lDDCoDIGFjMmIxYWM4OTQyNS1iNWJhLTA0MTQtNDU4OC1lYWQ4YjM1MCQac2VuaWxlcGlwCQpBEg","metadata":{"@type":"type.googleapis.com/google.firestore.admin.v1.IndexOperationMetadata","startTime":"2025-10-08T04:16:22.516992Z","index":"projects/unica-1ef93/databases/(default)/collectionGroups/orders/indexes/CICAgNjpgYIK","state":"INITIALIZING"}}
[debug] [2025-10-08T04:16:21.812Z] Creating new index: {"collectionGroup":"orders","queryScope":"COLLECTION","fields":[{"fieldPath":"status","order":"ASCENDING"},{"fieldPath":"priority","order":"ASCENDING"},{"fieldPath":"deliveryDate","order":"ASCENDING"}]}
[debug] [2025-10-08T04:16:21.812Z] Checked if tokens are valid: true, expires at: 1759900577855
[debug] [2025-10-08T04:16:21.812Z] Checked if tokens are valid: true, expires at: 1759900577855
[debug] [2025-10-08T04:16:21.812Z] >>> [apiv2][query] POST https://firestore.googleapis.com/v1/projects/unica-1ef93/databases/(default)/collectionGroups/orders/indexes [none]
[debug] [2025-10-08T04:16:21.812Z] >>> [apiv2][body] POST https://firestore.googleapis.com/v1/projects/unica-1ef93/databases/(default)/collectionGroups/orders/indexes {"fields":[{"fieldPath":"status","order":"ASCENDING"},{"fieldPath":"priority","order":"ASCENDING"},{"fieldPath":"deliveryDate","order":"ASCENDING"}],"queryScope":"COLLECTION"}
[debug] [2025-10-08T04:16:21.938Z] <<< [apiv2][status] POST https://firestore.googleapis.com/v1/projects/unica-1ef93/databases/(default)/collectionGroups/orders/indexes 200
[debug] [2025-10-08T04:16:21.938Z] <<< [apiv2][body] POST https://firestore.googleapis.com/v1/projects/unica-1ef93/databases/(default)/collectionGroups/orders/indexes {"name":"projects/unica-1ef93/databases/(default)/operations/S2dJbm1qSmdBQ0lDDCoDIDhhZTMwNjRiZTcwYi00OGE4LTFkNDQtOGY3OS1mOTQ1OGEyZSQac2VuaWxlcGlwCQpBEg","metadata":{"@type":"type.googleapis.com/google.firestore.admin.v1.IndexOperationMetadata","startTime":"2025-10-08T04:16:22.645111Z","index":"projects/unica-1ef93/databases/(default)/collectionGroups/orders/indexes/CICAgJjmnIgK","state":"INITIALIZING"}}
[debug] [2025-10-08T04:16:21.939Z] Creating new index: {"collectionGroup":"processes","queryScope":"COLLECTION","fields":[{"fieldPath":"orderClient","order":"ASCENDING"},{"fieldPath":"status","order":"ASCENDING"},{"fieldPath":"orderDate","order":"DESCENDING"}]}
[debug] [2025-10-08T04:16:21.939Z] Checked if tokens are valid: true, expires at: 1759900577855
[debug] [2025-10-08T04:16:21.939Z] Checked if tokens are valid: true, expires at: 1759900577855
[debug] [2025-10-08T04:16:21.939Z] >>> [apiv2][query] POST https://firestore.googleapis.com/v1/projects/unica-1ef93/databases/(default)/collectionGroups/processes/indexes [none]
[debug] [2025-10-08T04:16:21.939Z] >>> [apiv2][body] POST https://firestore.googleapis.com/v1/projects/unica-1ef93/databases/(default)/collectionGroups/processes/indexes {"fields":[{"fieldPath":"orderClient","order":"ASCENDING"},{"fieldPath":"status","order":"ASCENDING"},{"fieldPath":"orderDate","order":"DESCENDING"}],"queryScope":"COLLECTION"}
[debug] [2025-10-08T04:16:22.068Z] <<< [apiv2][status] POST https://firestore.googleapis.com/v1/projects/unica-1ef93/databases/(default)/collectionGroups/processes/indexes 200
[debug] [2025-10-08T04:16:22.068Z] <<< [apiv2][body] POST https://firestore.googleapis.com/v1/projects/unica-1ef93/databases/(default)/collectionGroups/processes/indexes {"name":"projects/unica-1ef93/databases/(default)/operations/S2dvMGFqTmdBQ0lDDCoDIGExMzA3MzBmNjM3NC1mZDY4LThmZTQtZTM2NC00M2FkY2UyNCQac2VuaWxlcGlwCQpBEg","metadata":{"@type":"type.googleapis.com/google.firestore.admin.v1.IndexOperationMetadata","startTime":"2025-10-08T04:16:22.780324Z","index":"projects/unica-1ef93/databases/(default)/collectionGroups/processes/indexes/CICAgNja0ogK","state":"INITIALIZING"}}
[debug] [2025-10-08T04:16:22.069Z] Creating new index: {"collectionGroup":"processes","queryScope":"COLLECTION","fields":[{"fieldPath":"assignee","order":"ASCENDING"},{"fieldPath":"status","order":"ASCENDING"},{"fieldPath":"orderDate","order":"DESCENDING"}]}
[debug] [2025-10-08T04:16:22.069Z] Checked if tokens are valid: true, expires at: 1759900577855
[debug] [2025-10-08T04:16:22.069Z] Checked if tokens are valid: true, expires at: 1759900577855
[debug] [2025-10-08T04:16:22.069Z] >>> [apiv2][query] POST https://firestore.googleapis.com/v1/projects/unica-1ef93/databases/(default)/collectionGroups/processes/indexes [none]
[debug] [2025-10-08T04:16:22.069Z] >>> [apiv2][body] POST https://firestore.googleapis.com/v1/projects/unica-1ef93/databases/(default)/collectionGroups/processes/indexes {"fields":[{"fieldPath":"assignee","order":"ASCENDING"},{"fieldPath":"status","order":"ASCENDING"},{"fieldPath":"orderDate","order":"DESCENDING"}],"queryScope":"COLLECTION"}
[debug] [2025-10-08T04:16:22.151Z] <<< [apiv2][status] POST https://firestore.googleapis.com/v1/projects/unica-1ef93/databases/(default)/collectionGroups/processes/indexes 200
[debug] [2025-10-08T04:16:22.151Z] <<< [apiv2][body] POST https://firestore.googleapis.com/v1/projects/unica-1ef93/databases/(default)/collectionGroups/processes/indexes {"name":"projects/unica-1ef93/databases/(default)/operations/SklZZ3BqTmdBQ0lDDCoDIDA2ODFiYzkzN2M3Zi1hZDZhLTIzNDQtYjE1ZS01OWQ1M2IzMCQac2VuaWxlcGlwCQpBEg","metadata":{"@type":"type.googleapis.com/google.firestore.admin.v1.IndexOperationMetadata","startTime":"2025-10-08T04:16:22.855896Z","index":"projects/unica-1ef93/databases/(default)/collectionGroups/processes/indexes/CICAgNjpgYIJ","state":"INITIALIZING"}}
[debug] [2025-10-08T04:16:22.151Z] Creating new index: {"collectionGroup":"work-hours","queryScope":"COLLECTION","fields":[{"fieldPath":"processId","order":"ASCENDING"},{"fieldPath":"status","order":"ASCENDING"},{"fieldPath":"createdAt","order":"DESCENDING"}]}
[debug] [2025-10-08T04:16:22.152Z] Checked if tokens are valid: true, expires at: 1759900577855
[debug] [2025-10-08T04:16:22.152Z] Checked if tokens are valid: true, expires at: 1759900577855
[debug] [2025-10-08T04:16:22.152Z] >>> [apiv2][query] POST https://firestore.googleapis.com/v1/projects/unica-1ef93/databases/(default)/collectionGroups/work-hours/indexes [none]
[debug] [2025-10-08T04:16:22.152Z] >>> [apiv2][body] POST https://firestore.googleapis.com/v1/projects/unica-1ef93/databases/(default)/collectionGroups/work-hours/indexes {"fields":[{"fieldPath":"processId","order":"ASCENDING"},{"fieldPath":"status","order":"ASCENDING"},{"fieldPath":"createdAt","order":"DESCENDING"}],"queryScope":"COLLECTION"}
[debug] [2025-10-08T04:16:22.256Z] <<< [apiv2][status] POST https://firestore.googleapis.com/v1/projects/unica-1ef93/databases/(default)/collectionGroups/work-hours/indexes 200
[debug] [2025-10-08T04:16:22.256Z] <<< [apiv2][body] POST https://firestore.googleapis.com/v1/projects/unica-1ef93/databases/(default)/collectionGroups/work-hours/indexes {"name":"projects/unica-1ef93/databases/(default)/operations/S0FKMkhpSmdBQ0lDDCoDIDc2MmVhYjViZGY2NS0wZjFiLTJmZTQtMGRlNy00MTk1ZDY4YiQac2VuaWxlcGlwCQpBEg","metadata":{"@type":"type.googleapis.com/google.firestore.admin.v1.IndexOperationMetadata","startTime":"2025-10-08T04:16:22.959370Z","index":"projects/unica-1ef93/databases/(default)/collectionGroups/work-hours/indexes/CICAgJiH2JAK","state":"INITIALIZING"}}
[debug] [2025-10-08T04:16:22.256Z] Creating new index: {"collectionGroup":"work-hours","queryScope":"COLLECTION","fields":[{"fieldPath":"managementNumber","order":"ASCENDING"},{"fieldPath":"status","order":"ASCENDING"}]}
[debug] [2025-10-08T04:16:22.257Z] Checked if tokens are valid: true, expires at: 1759900577855
[debug] [2025-10-08T04:16:22.257Z] Checked if tokens are valid: true, expires at: 1759900577855
[debug] [2025-10-08T04:16:22.257Z] >>> [apiv2][query] POST https://firestore.googleapis.com/v1/projects/unica-1ef93/databases/(default)/collectionGroups/work-hours/indexes [none]
[debug] [2025-10-08T04:16:22.257Z] >>> [apiv2][body] POST https://firestore.googleapis.com/v1/projects/unica-1ef93/databases/(default)/collectionGroups/work-hours/indexes {"fields":[{"fieldPath":"managementNumber","order":"ASCENDING"},{"fieldPath":"status","order":"ASCENDING"}],"queryScope":"COLLECTION"}
[debug] [2025-10-08T04:16:22.374Z] <<< [apiv2][status] POST https://firestore.googleapis.com/v1/projects/unica-1ef93/databases/(default)/collectionGroups/work-hours/indexes 200
[debug] [2025-10-08T04:16:22.375Z] <<< [apiv2][body] POST https://firestore.googleapis.com/v1/projects/unica-1ef93/databases/(default)/collectionGroups/work-hours/indexes {"name":"projects/unica-1ef93/databases/(default)/operations/SmdvMGFqTmdBQ0lDDCoDIDVkZGE5MTA1MzBmMS0wMWQ4LWZlYzQtNzIxNC1lOWViZGEwMCQac2VuaWxlcGlwCQpBEg","metadata":{"@type":"type.googleapis.com/google.firestore.admin.v1.IndexOperationMetadata","startTime":"2025-10-08T04:16:23.080284Z","index":"projects/unica-1ef93/databases/(default)/collectionGroups/work-hours/indexes/CICAgNja0ogJ","state":"INITIALIZING"}}
[debug] [2025-10-08T04:16:22.375Z] Skipping existing index: {"collectionGroup":"daily-reports","queryScope":"COLLECTION","fields":[{"fieldPath":"workerId","order":"ASCENDING"},{"fieldPath":"date","order":"DESCENDING"}]}
[debug] [2025-10-08T04:16:22.375Z] Creating new index: {"collectionGroup":"daily-reports","queryScope":"COLLECTION","fields":[{"fieldPath":"approved","order":"ASCENDING"},{"fieldPath":"date","order":"DESCENDING"}]}
[debug] [2025-10-08T04:16:22.375Z] Checked if tokens are valid: true, expires at: 1759900577855
[debug] [2025-10-08T04:16:22.375Z] Checked if tokens are valid: true, expires at: 1759900577855
[debug] [2025-10-08T04:16:22.375Z] >>> [apiv2][query] POST https://firestore.googleapis.com/v1/projects/unica-1ef93/databases/(default)/collectionGroups/daily-reports/indexes [none]
[debug] [2025-10-08T04:16:22.375Z] >>> [apiv2][body] POST https://firestore.googleapis.com/v1/projects/unica-1ef93/databases/(default)/collectionGroups/daily-reports/indexes {"fields":[{"fieldPath":"approved","order":"ASCENDING"},{"fieldPath":"date","order":"DESCENDING"}],"queryScope":"COLLECTION"}
[debug] [2025-10-08T04:16:22.448Z] <<< [apiv2][status] POST https://firestore.googleapis.com/v1/projects/unica-1ef93/databases/(default)/collectionGroups/daily-reports/indexes 200
[debug] [2025-10-08T04:16:22.448Z] <<< [apiv2][body] POST https://firestore.googleapis.com/v1/projects/unica-1ef93/databases/(default)/collectionGroups/daily-reports/indexes {"name":"projects/unica-1ef93/databases/(default)/operations/SmdJbm1qSmdBQ0lDDCoDIDM4ODQ1OTAzN2UyNy03YWY4LWM5ZDQtYjQwMi02ZGNhYWJhYiQac2VuaWxlcGlwCQpBEg","metadata":{"@type":"type.googleapis.com/google.firestore.admin.v1.IndexOperationMetadata","startTime":"2025-10-08T04:16:23.155939Z","index":"projects/unica-1ef93/databases/(default)/collectionGroups/daily-reports/indexes/CICAgJjmnIgJ","state":"INITIALIZING"}}
[debug] [2025-10-08T04:16:22.449Z] Creating new index: {"collectionGroup":"chatMessages","queryScope":"COLLECTION","fields":[{"fieldPath":"parentMessageId","order":"ASCENDING"},{"fieldPath":"timestamp","order":"ASCENDING"}]}
[debug] [2025-10-08T04:16:22.449Z] Checked if tokens are valid: true, expires at: 1759900577855
[debug] [2025-10-08T04:16:22.449Z] Checked if tokens are valid: true, expires at: 1759900577855
[debug] [2025-10-08T04:16:22.449Z] >>> [apiv2][query] POST https://firestore.googleapis.com/v1/projects/unica-1ef93/databases/(default)/collectionGroups/chatMessages/indexes [none]
[debug] [2025-10-08T04:16:22.449Z] >>> [apiv2][body] POST https://firestore.googleapis.com/v1/projects/unica-1ef93/databases/(default)/collectionGroups/chatMessages/indexes {"fields":[{"fieldPath":"parentMessageId","order":"ASCENDING"},{"fieldPath":"timestamp","order":"ASCENDING"}],"queryScope":"COLLECTION"}
[debug] [2025-10-08T04:16:22.536Z] <<< [apiv2][status] POST https://firestore.googleapis.com/v1/projects/unica-1ef93/databases/(default)/collectionGroups/chatMessages/indexes 200
